{
  "RSpec": {
    "coverage": {
      "/home/bonzo/study/lynda/simple_cms/app/jobs/application_job.rb": [
        0,
        0
      ],
      "/home/bonzo/study/lynda/simple_cms/app/mailers/application_mailer.rb": [
        0,
        0,
        0,
        0
      ],
      "/home/bonzo/study/lynda/simple_cms/app/channels/application_cable/channel.rb": [
        0,
        0,
        0,
        0
      ],
      "/home/bonzo/study/lynda/simple_cms/app/channels/application_cable/connection.rb": [
        0,
        0,
        0,
        0
      ],
      "/home/bonzo/study/lynda/simple_cms/app/helpers/admin_users_helper.rb": [
        0,
        0
      ],
      "/home/bonzo/study/lynda/simple_cms/app/helpers/subjects_helper.rb": [
        0,
        0
      ],
      "/home/bonzo/study/lynda/simple_cms/app/helpers/application_helper.rb": [
        0,
        null,
        0,
        0,
        0,
        0,
        null,
        0,
        0,
        0,
        null,
        0,
        0,
        0,
        0,
        0,
        0,
        0
      ],
      "/home/bonzo/study/lynda/simple_cms/app/helpers/access_helper.rb": [
        0,
        0
      ],
      "/home/bonzo/study/lynda/simple_cms/app/helpers/pages_helper.rb": [
        0,
        0
      ],
      "/home/bonzo/study/lynda/simple_cms/app/helpers/demo_helper.rb": [
        0,
        0
      ],
      "/home/bonzo/study/lynda/simple_cms/app/helpers/public_helper.rb": [
        0,
        0
      ],
      "/home/bonzo/study/lynda/simple_cms/app/helpers/sections_helper.rb": [
        0,
        0
      ],
      "/home/bonzo/study/lynda/simple_cms/app/models/page.rb": [
        0,
        null,
        0,
        0,
        0,
        0,
        null,
        0,
        0,
        0,
        0,
        null,
        null,
        null,
        null,
        0,
        null,
        null,
        null,
        null,
        null,
        0,
        0,
        0,
        0
      ],
      "/home/bonzo/study/lynda/simple_cms/app/models/section.rb": [
        0,
        null,
        0,
        null,
        0,
        0,
        0,
        null,
        0,
        0,
        0,
        0,
        null,
        0,
        null,
        null,
        null,
        0,
        0,
        0,
        0
      ],
      "/home/bonzo/study/lynda/simple_cms/app/models/subject.rb": [
        0,
        null,
        0,
        null,
        0,
        null,
        0,
        0,
        0,
        0,
        0,
        null,
        0,
        0,
        0
      ],
      "/home/bonzo/study/lynda/simple_cms/app/models/application_record.rb": [
        0,
        0,
        0
      ],
      "/home/bonzo/study/lynda/simple_cms/app/models/section_edit.rb": [
        0,
        0,
        0,
        0
      ],
      "/home/bonzo/study/lynda/simple_cms/app/models/admin_user.rb": [
        0,
        null,
        0,
        null,
        0,
        0,
        0,
        null,
        0,
        null,
        0,
        null,
        0,
        0,
        0,
        0,
        0,
        0,
        0,
        0,
        0,
        0,
        0,
        0,
        0,
        0
      ],
      "/home/bonzo/study/lynda/simple_cms/app/controllers/demo_controller.rb": [
        0,
        0,
        null,
        0,
        0,
        0
      ],
      "/home/bonzo/study/lynda/simple_cms/app/controllers/pages_controller.rb": [
        0,
        0,
        null,
        0,
        0,
        0,
        0,
        null,
        null,
        0,
        0,
        0,
        null,
        0,
        0,
        0,
        null,
        0,
        0,
        0,
        null,
        0,
        0,
        0,
        0,
        0,
        0,
        0,
        0,
        0,
        null,
        0,
        0,
        0,
        null,
        0,
        0,
        0,
        0,
        0,
        0,
        0,
        0,
        0,
        null,
        null,
        0,
        0,
        0,
        null,
        0,
        0,
        0,
        0,
        0,
        0,
        null,
        0,
        null,
        0,
        0,
        0,
        null,
        0,
        0,
        0,
        null,
        0,
        0,
        0,
        null,
        0,
        0,
        0,
        0,
        null,
        0
      ],
      "/home/bonzo/study/lynda/simple_cms/app/controllers/sections_controller.rb": [
        0,
        null,
        0,
        null,
        0,
        0,
        0,
        0,
        null,
        0,
        0,
        0,
        null,
        0,
        0,
        0,
        null,
        0,
        0,
        0,
        null,
        0,
        0,
        0,
        0,
        0,
        0,
        0,
        0,
        0,
        null,
        0,
        0,
        0,
        null,
        0,
        0,
        0,
        0,
        0,
        0,
        0,
        0,
        0,
        null,
        0,
        0,
        0,
        null,
        0,
        0,
        0,
        0,
        0,
        0,
        null,
        0,
        null,
        0,
        0,
        0,
        null,
        0,
        0,
        0,
        null,
        0,
        0,
        0,
        null,
        0,
        0,
        0,
        null,
        0,
        0,
        0,
        0,
        0
      ],
      "/home/bonzo/study/lynda/simple_cms/app/controllers/access_controller.rb": [
        0,
        null,
        0,
        null,
        0,
        null,
        0,
        0,
        0,
        null,
        0,
        0,
        null,
        0,
        0,
        0,
        0,
        0,
        0,
        0,
        null,
        0,
        0,
        0,
        0,
        0,
        0,
        0,
        0,
        0,
        0,
        null,
        0,
        0,
        0,
        0,
        0,
        0,
        0
      ],
      "/home/bonzo/study/lynda/simple_cms/app/controllers/admin_users_controller.rb": [
        0,
        null,
        0,
        null,
        0,
        null,
        0,
        0,
        0,
        null,
        0,
        0,
        0,
        null,
        0,
        0,
        0,
        0,
        0,
        0,
        0,
        0,
        0,
        null,
        0,
        0,
        0,
        null,
        0,
        0,
        0,
        0,
        0,
        0,
        0,
        0,
        0,
        null,
        0,
        0,
        0,
        null,
        0,
        0,
        0,
        0,
        0,
        0,
        null,
        0,
        0,
        0,
        0,
        0
      ],
      "/home/bonzo/study/lynda/simple_cms/app/controllers/subjects_controller.rb": [
        0,
        null,
        0,
        null,
        0,
        0,
        null,
        0,
        0,
        0,
        null,
        0,
        0,
        0,
        null,
        0,
        0,
        0,
        null,
        0,
        0,
        0,
        0,
        0,
        0,
        0,
        0,
        0,
        null,
        0,
        0,
        0,
        null,
        0,
        0,
        0,
        0,
        0,
        0,
        0,
        0,
        0,
        null,
        0,
        0,
        0,
        null,
        0,
        0,
        0,
        0,
        0,
        0,
        null,
        0,
        0,
        0,
        0,
        null,
        0,
        0,
        0,
        0,
        0
      ],
      "/home/bonzo/study/lynda/simple_cms/app/controllers/application_controller.rb": [
        0,
        0,
        null,
        0,
        null,
        0,
        0,
        0,
        0,
        0,
        0,
        null,
        0
      ],
      "/home/bonzo/study/lynda/simple_cms/app/controllers/public_controller.rb": [
        0,
        0,
        null,
        0,
        null,
        0,
        null,
        0,
        null,
        0,
        0,
        0,
        0,
        0,
        0,
        0,
        null,
        0,
        null,
        0,
        0,
        0,
        null,
        0
      ]
    },
    "timestamp": 1513387773
  }
}
